[15-Oct-2024 01:04:53 UTC] WordPress database error Table 'wp_e_events' already exists for query CREATE TABLE `wp_e_events` (
			id bigint(20) unsigned auto_increment primary key,
			event_data text null,
			created_at datetime not null
		) DEFAULT CHARACTER SET utf8mb4 COLLATE utf8mb4_unicode_520_ci; made by require_once('wp-admin/admin.php'), require_once('wp-load.php'), require_once('wp-config.php'), require_once('wp-settings.php'), do_action('init'), WP_Hook->do_action, WP_Hook->apply_filters, Elementor\Plugin->init, Elementor\Plugin->init_components, Elementor\Core\Admin\Admin->__construct, Elementor\Plugin->init_common, Elementor\Core\Common\App->init_components, Elementor\Core\Common\Modules\EventTracker\Module->__construct, Elementor\Core\Common\Modules\EventTracker\DB->__construct, Elementor\Core\Common\Modules\EventTracker\DB->create_table
[15-Oct-2024 01:04:53 UTC] WordPress database error Duplicate key name 'created_at_index' for query ALTER TABLE wp_e_events
    		ADD INDEX `created_at_index` (`created_at`)
		 made by require_once('wp-admin/admin.php'), require_once('wp-load.php'), require_once('wp-config.php'), require_once('wp-settings.php'), do_action('init'), WP_Hook->do_action, WP_Hook->apply_filters, Elementor\Plugin->init, Elementor\Plugin->init_components, Elementor\Core\Admin\Admin->__construct, Elementor\Plugin->init_common, Elementor\Core\Common\App->init_components, Elementor\Core\Common\Modules\EventTracker\Module->__construct, Elementor\Core\Common\Modules\EventTracker\DB->__construct, Elementor\Core\Common\Modules\EventTracker\DB->add_indexes
[15-Oct-2024 01:04:54 UTC] PHP Warning:  Undefined array key "index_type" in D:\Programas\Local\webs\app\public\Arango-DC\app\public\wp-admin\includes\upgrade.php on line 2986
[15-Oct-2024 01:04:54 UTC] PHP Warning:  Undefined array key "index_name" in D:\Programas\Local\webs\app\public\Arango-DC\app\public\wp-admin\includes\upgrade.php on line 2992
[15-Oct-2024 01:04:54 UTC] PHP Warning:  Undefined array key "index_columns" in D:\Programas\Local\webs\app\public\Arango-DC\app\public\wp-admin\includes\upgrade.php on line 2995
[15-Oct-2024 01:04:54 UTC] PHP Warning:  Undefined array key "column_name" in D:\Programas\Local\webs\app\public\Arango-DC\app\public\wp-admin\includes\upgrade.php on line 3024
[15-Oct-2024 01:04:55 UTC] WordPress database error You have an error in your SQL syntax; check the manual that corresponds to your MySQL server version for the right syntax to use near '(``)' at line 1 for query ALTER TABLE wp_e_submissions_values ADD  `` (``) made by require_once('wp-admin/admin.php'), do_action('admin_init'), WP_Hook->do_action, WP_Hook->apply_filters, ElementorPro\Modules\Forms\Submissions\Component->ElementorPro\Modules\Forms\Submissions\{closure}, ElementorPro\Modules\Forms\Submissions\Database\Migration::install, Elementor\Core\Utils\Collection->map, array_map, ElementorPro\Modules\Forms\Submissions\Database\Migration::ElementorPro\Modules\Forms\Submissions\Database\{closure}, ElementorPro\Modules\Forms\Submissions\Database\Migrations\Initial->run, ElementorPro\Modules\Forms\Submissions\Database\Migrations\Initial->create_tables, dbDelta
[15-Oct-2024 01:04:55 UTC] WordPress database error Duplicate key name 'main_meta_id_index' for query ALTER TABLE `wp_e_submissions`
    		ADD INDEX `main_meta_id_index` (`main_meta_id`),
    		ADD UNIQUE INDEX `hash_id_unique_index` (`hash_id`),
    		ADD INDEX `hash_id_index` (`hash_id`),
    		ADD INDEX `type_index` (`type`),
    		ADD INDEX `post_id_index` (`post_id`),
    		ADD INDEX `element_id_index` (`element_id`),
    		ADD INDEX `campaign_id_index` (`campaign_id`),
    		ADD INDEX `user_id_index` (`user_id`),
    		ADD INDEX `user_ip_index` (`user_ip`),
    		ADD INDEX `status_index` (`status`),
    		ADD INDEX `is_read_index` (`is_read`),
    		ADD INDEX `created_at_gmt_index` (`created_at_gmt`),
    		ADD INDEX `updated_at_gmt_index` (`updated_at_gmt`),
    		ADD INDEX `created_at_index` (`created_at`),
    		ADD INDEX `updated_at_index` (`updated_at`)
		 made by require_once('wp-admin/admin.php'), do_action('admin_init'), WP_Hook->do_action, WP_Hook->apply_filters, ElementorPro\Modules\Forms\Submissions\Component->ElementorPro\Modules\Forms\Submissions\{closure}, ElementorPro\Modules\Forms\Submissions\Database\Migration::install, Elementor\Core\Utils\Collection->map, array_map, ElementorPro\Modules\Forms\Submissions\Database\Migration::ElementorPro\Modules\Forms\Submissions\Database\{closure}, ElementorPro\Modules\Forms\Submissions\Database\Migrations\Initial->run, ElementorPro\Modules\Forms\Submissions\Database\Migrations\Initial->add_indexes
[15-Oct-2024 01:04:55 UTC] WordPress database error Duplicate key name 'submission_id_index' for query ALTER TABLE `wp_e_submissions_values`
    		ADD INDEX `submission_id_index` (`submission_id`),
    		ADD INDEX `key_index` (`key`)
		 made by require_once('wp-admin/admin.php'), do_action('admin_init'), WP_Hook->do_action, WP_Hook->apply_filters, ElementorPro\Modules\Forms\Submissions\Component->ElementorPro\Modules\Forms\Submissions\{closure}, ElementorPro\Modules\Forms\Submissions\Database\Migration::install, Elementor\Core\Utils\Collection->map, array_map, ElementorPro\Modules\Forms\Submissions\Database\Migration::ElementorPro\Modules\Forms\Submissions\Database\{closure}, ElementorPro\Modules\Forms\Submissions\Database\Migrations\Initial->run, ElementorPro\Modules\Forms\Submissions\Database\Migrations\Initial->add_indexes
[15-Oct-2024 01:04:55 UTC] WordPress database error Duplicate key name 'submission_id_index' for query ALTER TABLE `wp_e_submissions_actions_log`
    		ADD INDEX `submission_id_index` (`submission_id`),
    		ADD INDEX `action_name_index` (`action_name`),
    		ADD INDEX `status_index` (`status`),
    		ADD INDEX `created_at_gmt_index` (`created_at_gmt`),
    		ADD INDEX `updated_at_gmt_index` (`updated_at_gmt`),
    		ADD INDEX `created_at_index` (`created_at`),
    		ADD INDEX `updated_at_index` (`updated_at`)
		 made by require_once('wp-admin/admin.php'), do_action('admin_init'), WP_Hook->do_action, WP_Hook->apply_filters, ElementorPro\Modules\Forms\Submissions\Component->ElementorPro\Modules\Forms\Submissions\{closure}, ElementorPro\Modules\Forms\Submissions\Database\Migration::install, Elementor\Core\Utils\Collection->map, array_map, ElementorPro\Modules\Forms\Submissions\Database\Migration::ElementorPro\Modules\Forms\Submissions\Database\{closure}, ElementorPro\Modules\Forms\Submissions\Database\Migrations\Initial->run, ElementorPro\Modules\Forms\Submissions\Database\Migrations\Initial->add_indexes
[15-Oct-2024 01:04:55 UTC] WordPress database error Duplicate column name 'referer_title' for query 
			ALTER TABLE `wp_e_submissions`
			ADD COLUMN `referer_title` varchar(300) null AFTER `referer`;
		 made by require_once('wp-admin/admin.php'), do_action('admin_init'), WP_Hook->do_action, WP_Hook->apply_filters, ElementorPro\Modules\Forms\Submissions\Component->ElementorPro\Modules\Forms\Submissions\{closure}, ElementorPro\Modules\Forms\Submissions\Database\Migration::install, Elementor\Core\Utils\Collection->map, array_map, ElementorPro\Modules\Forms\Submissions\Database\Migration::ElementorPro\Modules\Forms\Submissions\Database\{closure}, ElementorPro\Modules\Forms\Submissions\Database\Migrations\Referer_Extra->run
[15-Oct-2024 01:04:55 UTC] WordPress database error Duplicate key name 'referer_index' for query 
			ALTER TABLE `wp_e_submissions`
			ADD INDEX `referer_index` (`referer`(191)),
			ADD INDEX `referer_title_index` (`referer_title`(191));
		 made by require_once('wp-admin/admin.php'), do_action('admin_init'), WP_Hook->do_action, WP_Hook->apply_filters, ElementorPro\Modules\Forms\Submissions\Component->ElementorPro\Modules\Forms\Submissions\{closure}, ElementorPro\Modules\Forms\Submissions\Database\Migration::install, Elementor\Core\Utils\Collection->map, array_map, ElementorPro\Modules\Forms\Submissions\Database\Migration::ElementorPro\Modules\Forms\Submissions\Database\{closure}, ElementorPro\Modules\Forms\Submissions\Database\Migrations\Referer_Extra->run
[15-Oct-2024 01:04:55 UTC] WordPress database error Duplicate key name 'route_url_index' for query ALTER TABLE `wp_e_notes` ADD INDEX `route_url_index` (`route_url` (191)), ADD INDEX `post_id_index` (`post_id`), ADD INDEX `element_id_index` (`element_id`), ADD INDEX `parent_id_index` (`parent_id`), ADD INDEX `author_id_index` (`author_id`), ADD INDEX `status_index` (`status`), ADD INDEX `is_resolved_index` (`is_resolved`), ADD INDEX `is_public_index` (`is_public`), ADD INDEX `created_at_index` (`created_at`), ADD INDEX `updated_at_index` (`updated_at`), ADD INDEX `last_activity_at_index` (`last_activity_at`); made by do_action('admin_init'), WP_Hook->do_action, WP_Hook->apply_filters, ElementorPro\Core\Database\Base_Database_Updater->ElementorPro\Core\Database\{closure}, ElementorPro\Core\Database\Base_Database_Updater->up, Elementor\Core\Utils\Collection->map, array_map, ElementorPro\Core\Database\Base_Database_Updater->ElementorPro\Core\Database\{closure}, ElementorPro\Modules\Notes\Database\Migrations\Initial->up, ElementorPro\Core\Database\Base_Migration->create_indexes
[15-Oct-2024 01:04:55 UTC] WordPress database error Duplicate key name 'type_index' for query ALTER TABLE `wp_e_notes_users_relations` ADD INDEX `type_index` (`type`), ADD INDEX `note_id_index` (`note_id`), ADD INDEX `user_id_index` (`user_id`); made by do_action('admin_init'), WP_Hook->do_action, WP_Hook->apply_filters, ElementorPro\Core\Database\Base_Database_Updater->ElementorPro\Core\Database\{closure}, ElementorPro\Core\Database\Base_Database_Updater->up, Elementor\Core\Utils\Collection->map, array_map, ElementorPro\Core\Database\Base_Database_Updater->ElementorPro\Core\Database\{closure}, ElementorPro\Modules\Notes\Database\Migrations\Initial->up, ElementorPro\Core\Database\Base_Migration->create_indexes
[15-Oct-2024 01:04:55 UTC] WordPress database error Duplicate column name 'author_display_name' for query ALTER TABLE `wp_e_notes` ADD COLUMN `author_display_name` varchar(250) null comment "Save the author name when the author was deleted." AFTER `author_id`; made by do_action('admin_init'), WP_Hook->do_action, WP_Hook->apply_filters, ElementorPro\Core\Database\Base_Database_Updater->ElementorPro\Core\Database\{closure}, ElementorPro\Core\Database\Base_Database_Updater->up, Elementor\Core\Utils\Collection->map, array_map, ElementorPro\Core\Database\Base_Database_Updater->ElementorPro\Core\Database\{closure}, ElementorPro\Modules\Notes\Database\Migrations\Add_Author_Display_Name->up, ElementorPro\Core\Database\Base_Migration->add_columns
[15-Oct-2024 01:04:55 UTC] WordPress database error Duplicate column name 'route_post_id' for query ALTER TABLE `wp_e_notes` ADD COLUMN `route_post_id` bigint(20) unsigned null comment "The post id of the route that the note was created on." AFTER `route_title`; made by do_action('admin_init'), WP_Hook->do_action, WP_Hook->apply_filters, ElementorPro\Core\Database\Base_Database_Updater->ElementorPro\Core\Database\{closure}, ElementorPro\Core\Database\Base_Database_Updater->up, Elementor\Core\Utils\Collection->map, array_map, ElementorPro\Core\Database\Base_Database_Updater->ElementorPro\Core\Database\{closure}, ElementorPro\Modules\Notes\Database\Migrations\Add_Route_Post_Id->up, ElementorPro\Core\Database\Base_Migration->add_columns
[15-Oct-2024 01:04:55 UTC] WordPress database error Duplicate column name 'position' for query ALTER TABLE `wp_e_notes` ADD COLUMN `position` text null comment "A JSON string that represents the position of the note inside the element in percentages. e.g. {x:10, y:15}" AFTER `status`; made by do_action('admin_init'), WP_Hook->do_action, WP_Hook->apply_filters, ElementorPro\Core\Database\Base_Database_Updater->ElementorPro\Core\Database\{closure}, ElementorPro\Core\Database\Base_Database_Updater->up, Elementor\Core\Utils\Collection->map, array_map, ElementorPro\Core\Database\Base_Database_Updater->ElementorPro\Core\Database\{closure}, ElementorPro\Modules\Notes\Database\Migrations\Add_Note_Position->up, ElementorPro\Core\Database\Base_Migration->add_columns
[15-Oct-2024 01:15:21 UTC] PHP Warning:  foreach() argument must be of type array|object, null given in D:\Programas\Local\webs\app\public\Arango-DC\app\public\wp-content\plugins\simply-static\src\integrations\class-elementor-pro-integration.php on line 156
[15-Oct-2024 01:15:21 UTC] PHP Warning:  foreach() argument must be of type array|object, null given in D:\Programas\Local\webs\app\public\Arango-DC\app\public\wp-content\plugins\simply-static\src\integrations\class-elementor-pro-integration.php on line 156
[15-Oct-2024 01:15:21 UTC] PHP Warning:  foreach() argument must be of type array|object, null given in D:\Programas\Local\webs\app\public\Arango-DC\app\public\wp-content\plugins\simply-static\src\integrations\class-elementor-pro-integration.php on line 156
[15-Oct-2024 01:15:21 UTC] PHP Warning:  foreach() argument must be of type array|object, null given in D:\Programas\Local\webs\app\public\Arango-DC\app\public\wp-content\plugins\simply-static\src\integrations\class-elementor-pro-integration.php on line 156
[15-Oct-2024 01:15:21 UTC] PHP Warning:  foreach() argument must be of type array|object, null given in D:\Programas\Local\webs\app\public\Arango-DC\app\public\wp-content\plugins\simply-static\src\integrations\class-elementor-pro-integration.php on line 156
[15-Oct-2024 01:15:21 UTC] PHP Warning:  foreach() argument must be of type array|object, null given in D:\Programas\Local\webs\app\public\Arango-DC\app\public\wp-content\plugins\simply-static\src\integrations\class-elementor-pro-integration.php on line 156
[15-Oct-2024 01:28:23 UTC] PHP Warning:  foreach() argument must be of type array|object, null given in D:\Programas\Local\webs\app\public\arango-dc\app\public\wp-content\plugins\simply-static\src\integrations\class-elementor-pro-integration.php on line 156
[15-Oct-2024 01:28:23 UTC] PHP Warning:  foreach() argument must be of type array|object, null given in D:\Programas\Local\webs\app\public\arango-dc\app\public\wp-content\plugins\simply-static\src\integrations\class-elementor-pro-integration.php on line 156
[15-Oct-2024 01:28:23 UTC] PHP Warning:  foreach() argument must be of type array|object, null given in D:\Programas\Local\webs\app\public\arango-dc\app\public\wp-content\plugins\simply-static\src\integrations\class-elementor-pro-integration.php on line 156
[15-Oct-2024 01:28:23 UTC] PHP Warning:  foreach() argument must be of type array|object, null given in D:\Programas\Local\webs\app\public\arango-dc\app\public\wp-content\plugins\simply-static\src\integrations\class-elementor-pro-integration.php on line 156
[15-Oct-2024 01:28:23 UTC] PHP Warning:  foreach() argument must be of type array|object, null given in D:\Programas\Local\webs\app\public\arango-dc\app\public\wp-content\plugins\simply-static\src\integrations\class-elementor-pro-integration.php on line 156
[15-Oct-2024 01:28:23 UTC] PHP Warning:  foreach() argument must be of type array|object, null given in D:\Programas\Local\webs\app\public\arango-dc\app\public\wp-content\plugins\simply-static\src\integrations\class-elementor-pro-integration.php on line 156
